2022-11-04 22:38:38,401 - mmseg - INFO - Environment info:
------------------------------------------------------------
sys.platform: linux
Python: 3.7.13 (default, Oct 18 2022, 18:57:03) [GCC 11.2.0]
CUDA available: True
GPU 0: Tesla V100-SXM3-32GB
CUDA_HOME: None
GCC: gcc (Ubuntu 7.5.0-3ubuntu1~18.04) 7.5.0
PyTorch: 1.10.0
PyTorch compiling details: PyTorch built with:
  - GCC 7.3
  - C++ Version: 201402
  - Intel(R) oneAPI Math Kernel Library Version 2021.4-Product Build 20210904 for Intel(R) 64 architecture applications
  - Intel(R) MKL-DNN v2.2.3 (Git Hash 7336ca9f055cf1bfa13efb658fe15dc9b41f0740)
  - OpenMP 201511 (a.k.a. OpenMP 4.5)
  - LAPACK is enabled (usually provided by MKL)
  - NNPACK is enabled
  - CPU capability usage: AVX512
  - CUDA Runtime 11.3
  - NVCC architecture flags: -gencode;arch=compute_37,code=sm_37;-gencode;arch=compute_50,code=sm_50;-gencode;arch=compute_60,code=sm_60;-gencode;arch=compute_61,code=sm_61;-gencode;arch=compute_70,code=sm_70;-gencode;arch=compute_75,code=sm_75;-gencode;arch=compute_80,code=sm_80;-gencode;arch=compute_86,code=sm_86;-gencode;arch=compute_37,code=compute_37
  - CuDNN 8.2
  - Magma 2.5.2
  - Build settings: BLAS_INFO=mkl, BUILD_TYPE=Release, CUDA_VERSION=11.3, CUDNN_VERSION=8.2.0, CXX_COMPILER=/opt/rh/devtoolset-7/root/usr/bin/c++, CXX_FLAGS= -Wno-deprecated -fvisibility-inlines-hidden -DUSE_PTHREADPOOL -fopenmp -DNDEBUG -DUSE_KINETO -DUSE_FBGEMM -DUSE_QNNPACK -DUSE_PYTORCH_QNNPACK -DUSE_XNNPACK -DSYMBOLICATE_MOBILE_DEBUG_HANDLE -DEDGE_PROFILER_USE_KINETO -O2 -fPIC -Wno-narrowing -Wall -Wextra -Werror=return-type -Wno-missing-field-initializers -Wno-type-limits -Wno-array-bounds -Wno-unknown-pragmas -Wno-sign-compare -Wno-unused-parameter -Wno-unused-variable -Wno-unused-function -Wno-unused-result -Wno-unused-local-typedefs -Wno-strict-overflow -Wno-strict-aliasing -Wno-error=deprecated-declarations -Wno-stringop-overflow -Wno-psabi -Wno-error=pedantic -Wno-error=redundant-decls -Wno-error=old-style-cast -fdiagnostics-color=always -faligned-new -Wno-unused-but-set-variable -Wno-maybe-uninitialized -fno-math-errno -fno-trapping-math -Werror=format -Wno-stringop-overflow, LAPACK_INFO=mkl, PERF_WITH_AVX=1, PERF_WITH_AVX2=1, PERF_WITH_AVX512=1, TORCH_VERSION=1.10.0, USE_CUDA=ON, USE_CUDNN=ON, USE_EXCEPTION_PTR=1, USE_GFLAGS=OFF, USE_GLOG=OFF, USE_MKL=ON, USE_MKLDNN=ON, USE_MPI=OFF, USE_NCCL=ON, USE_NNPACK=ON, USE_OPENMP=ON, 

TorchVision: 0.11.0
OpenCV: 4.6.0
MMCV: 1.5.0
MMCV Compiler: GCC 7.3
MMCV CUDA Compiler: 11.3
MMSegmentation: 0.19.0+cc0f436
------------------------------------------------------------

2022-11-04 22:38:38,403 - mmseg - INFO - Distributed training: False
2022-11-04 22:38:55,417 - mmseg - INFO - Config:
norm_cfg = dict(type='SyncBN', requires_grad=True)
model_cfgs = dict(
    stem_channel=16,
    cfg=[[5, 1, 16, 1], [3, 4, 24, 2], [3, 2, 72, 2], [3, 2, 72, 1],
         [3, 2, 128, 2], [3, 2, 128, 1], [3, 5, 176, 2], [3, 5, 176, 1],
         [3, 5, 176, 1], [3, 5, 176, 1]],
    channels=[24, 72, 128, 176],
    out_channels=[None, 256, 256, 256],
    embed_out_indice=[1, 3, 5, 9],
    decode_out_indices=[1, 2, 3],
    key_dim=[18, 16, 16, 16],
    num_heads=[10, 8, 12, 4],
    attn_ratios=[1.6, 2.2, 1.8, 2.0],
    mlp_ratios=[2.2, 2.2, 1.6, 2.0],
    c2t_stride=1)
model = dict(
    type='EncoderDecoder',
    backbone=dict(
        type='Topformer',
        cfgs=[[5, 1, 16, 1], [3, 4, 24, 2], [3, 2, 72, 2], [3, 2, 72, 1],
              [3, 2, 128, 2], [3, 2, 128, 1], [3, 5, 176, 2], [3, 5, 176, 1],
              [3, 5, 176, 1], [3, 5, 176, 1]],
        stem_channel=16,
        channels=[24, 72, 128, 176],
        out_channels=[None, 256, 256, 256],
        embed_out_indice=[1, 3, 5, 9],
        decode_out_indices=[1, 2, 3],
        depths=[2, 1, 2, 2],
        key_dim=[18, 16, 16, 16],
        num_heads=[10, 8, 12, 4],
        attn_ratios=[1.6, 2.2, 1.8, 2.0],
        mlp_ratios=[2.2, 2.2, 1.6, 2.0],
        c2t_stride=1,
        drop_path_rate=0.1,
        norm_cfg=dict(type='SyncBN', requires_grad=True),
        init_cfg=dict(type='Pretrained', checkpoint=None)),
    decode_head=dict(
        type='SimpleHead',
        in_channels=[256, 256, 256],
        in_index=[0, 1, 2],
        channels=256,
        dropout_ratio=0.1,
        num_classes=150,
        norm_cfg=dict(type='SyncBN', requires_grad=True),
        align_corners=False,
        loss_decode=dict(
            type='CrossEntropyLoss', use_sigmoid=False, loss_weight=1.0)),
    train_cfg=dict(),
    test_cfg=dict(mode='whole'))
work_dir = 'debug'
gpu_ids = range(0, 1)

2022-11-04 22:38:55,418 - mmseg - INFO - Set random seed to 599393889, deterministic: False
2022-11-04 22:39:58,721 - mmseg - INFO - initialize SimpleHead with init_cfg {'type': 'Normal', 'std': 0.01, 'override': {'name': 'conv_seg'}}
Name of parameter - Initialization information

backbone.tpm.stem.0.c.weight - torch.Size([16, 3, 3, 3]): 
Initialized by user-defined `init_weights` in Topformer  

backbone.tpm.stem.0.bn.weight - torch.Size([16]): 
The value is the same before and after calling `init_weights` of EncoderDecoder  

backbone.tpm.stem.0.bn.bias - torch.Size([16]): 
The value is the same before and after calling `init_weights` of EncoderDecoder  

backbone.tpm.layer1.conv.0.c.weight - torch.Size([16, 1, 5, 5]): 
Initialized by user-defined `init_weights` in Topformer  

backbone.tpm.layer1.conv.0.bn.weight - torch.Size([16]): 
The value is the same before and after calling `init_weights` of EncoderDecoder  

backbone.tpm.layer1.conv.0.bn.bias - torch.Size([16]): 
The value is the same before and after calling `init_weights` of EncoderDecoder  

backbone.tpm.layer1.conv.2.c.weight - torch.Size([16, 16, 1, 1]): 
Initialized by user-defined `init_weights` in Topformer  

backbone.tpm.layer1.conv.2.bn.weight - torch.Size([16]): 
The value is the same before and after calling `init_weights` of EncoderDecoder  

backbone.tpm.layer1.conv.2.bn.bias - torch.Size([16]): 
The value is the same before and after calling `init_weights` of EncoderDecoder  

backbone.tpm.layer2.conv.0.c.weight - torch.Size([64, 16, 1, 1]): 
Initialized by user-defined `init_weights` in Topformer  

backbone.tpm.layer2.conv.0.bn.weight - torch.Size([64]): 
The value is the same before and after calling `init_weights` of EncoderDecoder  

backbone.tpm.layer2.conv.0.bn.bias - torch.Size([64]): 
The value is the same before and after calling `init_weights` of EncoderDecoder  

backbone.tpm.layer2.conv.2.c.weight - torch.Size([64, 1, 3, 3]): 
Initialized by user-defined `init_weights` in Topformer  

backbone.tpm.layer2.conv.2.bn.weight - torch.Size([64]): 
The value is the same before and after calling `init_weights` of EncoderDecoder  

backbone.tpm.layer2.conv.2.bn.bias - torch.Size([64]): 
The value is the same before and after calling `init_weights` of EncoderDecoder  

backbone.tpm.layer2.conv.4.c.weight - torch.Size([24, 64, 1, 1]): 
Initialized by user-defined `init_weights` in Topformer  

backbone.tpm.layer2.conv.4.bn.weight - torch.Size([24]): 
The value is the same before and after calling `init_weights` of EncoderDecoder  

backbone.tpm.layer2.conv.4.bn.bias - torch.Size([24]): 
The value is the same before and after calling `init_weights` of EncoderDecoder  

backbone.tpm.layer3.conv.0.c.weight - torch.Size([48, 24, 1, 1]): 
Initialized by user-defined `init_weights` in Topformer  

backbone.tpm.layer3.conv.0.bn.weight - torch.Size([48]): 
The value is the same before and after calling `init_weights` of EncoderDecoder  

backbone.tpm.layer3.conv.0.bn.bias - torch.Size([48]): 
The value is the same before and after calling `init_weights` of EncoderDecoder  

backbone.tpm.layer3.conv.2.c.weight - torch.Size([48, 1, 3, 3]): 
Initialized by user-defined `init_weights` in Topformer  

backbone.tpm.layer3.conv.2.bn.weight - torch.Size([48]): 
The value is the same before and after calling `init_weights` of EncoderDecoder  

backbone.tpm.layer3.conv.2.bn.bias - torch.Size([48]): 
The value is the same before and after calling `init_weights` of EncoderDecoder  

backbone.tpm.layer3.conv.4.c.weight - torch.Size([72, 48, 1, 1]): 
Initialized by user-defined `init_weights` in Topformer  

backbone.tpm.layer3.conv.4.bn.weight - torch.Size([72]): 
The value is the same before and after calling `init_weights` of EncoderDecoder  

backbone.tpm.layer3.conv.4.bn.bias - torch.Size([72]): 
The value is the same before and after calling `init_weights` of EncoderDecoder  

backbone.tpm.layer4.conv.0.c.weight - torch.Size([144, 72, 1, 1]): 
Initialized by user-defined `init_weights` in Topformer  

backbone.tpm.layer4.conv.0.bn.weight - torch.Size([144]): 
The value is the same before and after calling `init_weights` of EncoderDecoder  

backbone.tpm.layer4.conv.0.bn.bias - torch.Size([144]): 
The value is the same before and after calling `init_weights` of EncoderDecoder  

backbone.tpm.layer4.conv.2.c.weight - torch.Size([144, 1, 3, 3]): 
Initialized by user-defined `init_weights` in Topformer  

backbone.tpm.layer4.conv.2.bn.weight - torch.Size([144]): 
The value is the same before and after calling `init_weights` of EncoderDecoder  

backbone.tpm.layer4.conv.2.bn.bias - torch.Size([144]): 
The value is the same before and after calling `init_weights` of EncoderDecoder  

backbone.tpm.layer4.conv.4.c.weight - torch.Size([72, 144, 1, 1]): 
Initialized by user-defined `init_weights` in Topformer  

backbone.tpm.layer4.conv.4.bn.weight - torch.Size([72]): 
The value is the same before and after calling `init_weights` of EncoderDecoder  

backbone.tpm.layer4.conv.4.bn.bias - torch.Size([72]): 
The value is the same before and after calling `init_weights` of EncoderDecoder  

backbone.tpm.layer5.conv.0.c.weight - torch.Size([144, 72, 1, 1]): 
Initialized by user-defined `init_weights` in Topformer  

backbone.tpm.layer5.conv.0.bn.weight - torch.Size([144]): 
The value is the same before and after calling `init_weights` of EncoderDecoder  

backbone.tpm.layer5.conv.0.bn.bias - torch.Size([144]): 
The value is the same before and after calling `init_weights` of EncoderDecoder  

backbone.tpm.layer5.conv.2.c.weight - torch.Size([144, 1, 3, 3]): 
Initialized by user-defined `init_weights` in Topformer  

backbone.tpm.layer5.conv.2.bn.weight - torch.Size([144]): 
The value is the same before and after calling `init_weights` of EncoderDecoder  

backbone.tpm.layer5.conv.2.bn.bias - torch.Size([144]): 
The value is the same before and after calling `init_weights` of EncoderDecoder  

backbone.tpm.layer5.conv.4.c.weight - torch.Size([128, 144, 1, 1]): 
Initialized by user-defined `init_weights` in Topformer  

backbone.tpm.layer5.conv.4.bn.weight - torch.Size([128]): 
The value is the same before and after calling `init_weights` of EncoderDecoder  

backbone.tpm.layer5.conv.4.bn.bias - torch.Size([128]): 
The value is the same before and after calling `init_weights` of EncoderDecoder  

backbone.tpm.layer6.conv.0.c.weight - torch.Size([256, 128, 1, 1]): 
Initialized by user-defined `init_weights` in Topformer  

backbone.tpm.layer6.conv.0.bn.weight - torch.Size([256]): 
The value is the same before and after calling `init_weights` of EncoderDecoder  

backbone.tpm.layer6.conv.0.bn.bias - torch.Size([256]): 
The value is the same before and after calling `init_weights` of EncoderDecoder  

backbone.tpm.layer6.conv.2.c.weight - torch.Size([256, 1, 3, 3]): 
Initialized by user-defined `init_weights` in Topformer  

backbone.tpm.layer6.conv.2.bn.weight - torch.Size([256]): 
The value is the same before and after calling `init_weights` of EncoderDecoder  

backbone.tpm.layer6.conv.2.bn.bias - torch.Size([256]): 
The value is the same before and after calling `init_weights` of EncoderDecoder  

backbone.tpm.layer6.conv.4.c.weight - torch.Size([128, 256, 1, 1]): 
Initialized by user-defined `init_weights` in Topformer  

backbone.tpm.layer6.conv.4.bn.weight - torch.Size([128]): 
The value is the same before and after calling `init_weights` of EncoderDecoder  

backbone.tpm.layer6.conv.4.bn.bias - torch.Size([128]): 
The value is the same before and after calling `init_weights` of EncoderDecoder  

backbone.tpm.layer7.conv.0.c.weight - torch.Size([640, 128, 1, 1]): 
Initialized by user-defined `init_weights` in Topformer  

backbone.tpm.layer7.conv.0.bn.weight - torch.Size([640]): 
The value is the same before and after calling `init_weights` of EncoderDecoder  

backbone.tpm.layer7.conv.0.bn.bias - torch.Size([640]): 
The value is the same before and after calling `init_weights` of EncoderDecoder  

backbone.tpm.layer7.conv.2.c.weight - torch.Size([640, 1, 3, 3]): 
Initialized by user-defined `init_weights` in Topformer  

backbone.tpm.layer7.conv.2.bn.weight - torch.Size([640]): 
The value is the same before and after calling `init_weights` of EncoderDecoder  

backbone.tpm.layer7.conv.2.bn.bias - torch.Size([640]): 
The value is the same before and after calling `init_weights` of EncoderDecoder  

backbone.tpm.layer7.conv.4.c.weight - torch.Size([176, 640, 1, 1]): 
Initialized by user-defined `init_weights` in Topformer  

backbone.tpm.layer7.conv.4.bn.weight - torch.Size([176]): 
The value is the same before and after calling `init_weights` of EncoderDecoder  

backbone.tpm.layer7.conv.4.bn.bias - torch.Size([176]): 
The value is the same before and after calling `init_weights` of EncoderDecoder  

backbone.tpm.layer8.conv.0.c.weight - torch.Size([880, 176, 1, 1]): 
Initialized by user-defined `init_weights` in Topformer  

backbone.tpm.layer8.conv.0.bn.weight - torch.Size([880]): 
The value is the same before and after calling `init_weights` of EncoderDecoder  

backbone.tpm.layer8.conv.0.bn.bias - torch.Size([880]): 
The value is the same before and after calling `init_weights` of EncoderDecoder  

backbone.tpm.layer8.conv.2.c.weight - torch.Size([880, 1, 3, 3]): 
Initialized by user-defined `init_weights` in Topformer  

backbone.tpm.layer8.conv.2.bn.weight - torch.Size([880]): 
The value is the same before and after calling `init_weights` of EncoderDecoder  

backbone.tpm.layer8.conv.2.bn.bias - torch.Size([880]): 
The value is the same before and after calling `init_weights` of EncoderDecoder  

backbone.tpm.layer8.conv.4.c.weight - torch.Size([176, 880, 1, 1]): 
Initialized by user-defined `init_weights` in Topformer  

backbone.tpm.layer8.conv.4.bn.weight - torch.Size([176]): 
The value is the same before and after calling `init_weights` of EncoderDecoder  

backbone.tpm.layer8.conv.4.bn.bias - torch.Size([176]): 
The value is the same before and after calling `init_weights` of EncoderDecoder  

backbone.tpm.layer9.conv.0.c.weight - torch.Size([880, 176, 1, 1]): 
Initialized by user-defined `init_weights` in Topformer  

backbone.tpm.layer9.conv.0.bn.weight - torch.Size([880]): 
The value is the same before and after calling `init_weights` of EncoderDecoder  

backbone.tpm.layer9.conv.0.bn.bias - torch.Size([880]): 
The value is the same before and after calling `init_weights` of EncoderDecoder  

backbone.tpm.layer9.conv.2.c.weight - torch.Size([880, 1, 3, 3]): 
Initialized by user-defined `init_weights` in Topformer  

backbone.tpm.layer9.conv.2.bn.weight - torch.Size([880]): 
The value is the same before and after calling `init_weights` of EncoderDecoder  

backbone.tpm.layer9.conv.2.bn.bias - torch.Size([880]): 
The value is the same before and after calling `init_weights` of EncoderDecoder  

backbone.tpm.layer9.conv.4.c.weight - torch.Size([176, 880, 1, 1]): 
Initialized by user-defined `init_weights` in Topformer  

backbone.tpm.layer9.conv.4.bn.weight - torch.Size([176]): 
The value is the same before and after calling `init_weights` of EncoderDecoder  

backbone.tpm.layer9.conv.4.bn.bias - torch.Size([176]): 
The value is the same before and after calling `init_weights` of EncoderDecoder  

backbone.tpm.layer10.conv.0.c.weight - torch.Size([880, 176, 1, 1]): 
Initialized by user-defined `init_weights` in Topformer  

backbone.tpm.layer10.conv.0.bn.weight - torch.Size([880]): 
The value is the same before and after calling `init_weights` of EncoderDecoder  

backbone.tpm.layer10.conv.0.bn.bias - torch.Size([880]): 
The value is the same before and after calling `init_weights` of EncoderDecoder  

backbone.tpm.layer10.conv.2.c.weight - torch.Size([880, 1, 3, 3]): 
Initialized by user-defined `init_weights` in Topformer  

backbone.tpm.layer10.conv.2.bn.weight - torch.Size([880]): 
The value is the same before and after calling `init_weights` of EncoderDecoder  

backbone.tpm.layer10.conv.2.bn.bias - torch.Size([880]): 
The value is the same before and after calling `init_weights` of EncoderDecoder  

backbone.tpm.layer10.conv.4.c.weight - torch.Size([176, 880, 1, 1]): 
Initialized by user-defined `init_weights` in Topformer  

backbone.tpm.layer10.conv.4.bn.weight - torch.Size([176]): 
The value is the same before and after calling `init_weights` of EncoderDecoder  

backbone.tpm.layer10.conv.4.bn.bias - torch.Size([176]): 
The value is the same before and after calling `init_weights` of EncoderDecoder  

backbone.trans.transformer_blocks.0.attn.to_q.c.weight - torch.Size([180, 400, 1, 1]): 
Initialized by user-defined `init_weights` in Topformer  

backbone.trans.transformer_blocks.0.attn.to_q.bn.weight - torch.Size([180]): 
The value is the same before and after calling `init_weights` of EncoderDecoder  

backbone.trans.transformer_blocks.0.attn.to_q.bn.bias - torch.Size([180]): 
The value is the same before and after calling `init_weights` of EncoderDecoder  

backbone.trans.transformer_blocks.0.attn.to_k.c.weight - torch.Size([180, 400, 1, 1]): 
Initialized by user-defined `init_weights` in Topformer  

backbone.trans.transformer_blocks.0.attn.to_k.bn.weight - torch.Size([180]): 
The value is the same before and after calling `init_weights` of EncoderDecoder  

backbone.trans.transformer_blocks.0.attn.to_k.bn.bias - torch.Size([180]): 
The value is the same before and after calling `init_weights` of EncoderDecoder  

backbone.trans.transformer_blocks.0.attn.to_v.c.weight - torch.Size([280, 400, 1, 1]): 
Initialized by user-defined `init_weights` in Topformer  

backbone.trans.transformer_blocks.0.attn.to_v.bn.weight - torch.Size([280]): 
The value is the same before and after calling `init_weights` of EncoderDecoder  

backbone.trans.transformer_blocks.0.attn.to_v.bn.bias - torch.Size([280]): 
The value is the same before and after calling `init_weights` of EncoderDecoder  

backbone.trans.transformer_blocks.0.attn.proj.1.c.weight - torch.Size([400, 280, 1, 1]): 
Initialized by user-defined `init_weights` in Topformer  

backbone.trans.transformer_blocks.0.attn.proj.1.bn.weight - torch.Size([400]): 
The value is the same before and after calling `init_weights` of EncoderDecoder  

backbone.trans.transformer_blocks.0.attn.proj.1.bn.bias - torch.Size([400]): 
The value is the same before and after calling `init_weights` of EncoderDecoder  

backbone.trans.transformer_blocks.0.mlp.fc1.c.weight - torch.Size([880, 400, 1, 1]): 
Initialized by user-defined `init_weights` in Topformer  

backbone.trans.transformer_blocks.0.mlp.fc1.bn.weight - torch.Size([880]): 
The value is the same before and after calling `init_weights` of EncoderDecoder  

backbone.trans.transformer_blocks.0.mlp.fc1.bn.bias - torch.Size([880]): 
The value is the same before and after calling `init_weights` of EncoderDecoder  

backbone.trans.transformer_blocks.0.mlp.dwconv.weight - torch.Size([880, 1, 3, 3]): 
Initialized by user-defined `init_weights` in Topformer  

backbone.trans.transformer_blocks.0.mlp.dwconv.bias - torch.Size([880]): 
Initialized by user-defined `init_weights` in Topformer  

backbone.trans.transformer_blocks.0.mlp.fc2.c.weight - torch.Size([400, 880, 1, 1]): 
Initialized by user-defined `init_weights` in Topformer  

backbone.trans.transformer_blocks.0.mlp.fc2.bn.weight - torch.Size([400]): 
The value is the same before and after calling `init_weights` of EncoderDecoder  

backbone.trans.transformer_blocks.0.mlp.fc2.bn.bias - torch.Size([400]): 
The value is the same before and after calling `init_weights` of EncoderDecoder  

backbone.trans.transformer_blocks.1.attn.to_q.c.weight - torch.Size([180, 400, 1, 1]): 
Initialized by user-defined `init_weights` in Topformer  

backbone.trans.transformer_blocks.1.attn.to_q.bn.weight - torch.Size([180]): 
The value is the same before and after calling `init_weights` of EncoderDecoder  

backbone.trans.transformer_blocks.1.attn.to_q.bn.bias - torch.Size([180]): 
The value is the same before and after calling `init_weights` of EncoderDecoder  

backbone.trans.transformer_blocks.1.attn.to_k.c.weight - torch.Size([180, 400, 1, 1]): 
Initialized by user-defined `init_weights` in Topformer  

backbone.trans.transformer_blocks.1.attn.to_k.bn.weight - torch.Size([180]): 
The value is the same before and after calling `init_weights` of EncoderDecoder  

backbone.trans.transformer_blocks.1.attn.to_k.bn.bias - torch.Size([180]): 
The value is the same before and after calling `init_weights` of EncoderDecoder  

backbone.trans.transformer_blocks.1.attn.to_v.c.weight - torch.Size([280, 400, 1, 1]): 
Initialized by user-defined `init_weights` in Topformer  

backbone.trans.transformer_blocks.1.attn.to_v.bn.weight - torch.Size([280]): 
The value is the same before and after calling `init_weights` of EncoderDecoder  

backbone.trans.transformer_blocks.1.attn.to_v.bn.bias - torch.Size([280]): 
The value is the same before and after calling `init_weights` of EncoderDecoder  

backbone.trans.transformer_blocks.1.attn.proj.1.c.weight - torch.Size([400, 280, 1, 1]): 
Initialized by user-defined `init_weights` in Topformer  

backbone.trans.transformer_blocks.1.attn.proj.1.bn.weight - torch.Size([400]): 
The value is the same before and after calling `init_weights` of EncoderDecoder  

backbone.trans.transformer_blocks.1.attn.proj.1.bn.bias - torch.Size([400]): 
The value is the same before and after calling `init_weights` of EncoderDecoder  

backbone.trans.transformer_blocks.1.mlp.fc1.c.weight - torch.Size([880, 400, 1, 1]): 
Initialized by user-defined `init_weights` in Topformer  

backbone.trans.transformer_blocks.1.mlp.fc1.bn.weight - torch.Size([880]): 
The value is the same before and after calling `init_weights` of EncoderDecoder  

backbone.trans.transformer_blocks.1.mlp.fc1.bn.bias - torch.Size([880]): 
The value is the same before and after calling `init_weights` of EncoderDecoder  

backbone.trans.transformer_blocks.1.mlp.dwconv.weight - torch.Size([880, 1, 3, 3]): 
Initialized by user-defined `init_weights` in Topformer  

backbone.trans.transformer_blocks.1.mlp.dwconv.bias - torch.Size([880]): 
Initialized by user-defined `init_weights` in Topformer  

backbone.trans.transformer_blocks.1.mlp.fc2.c.weight - torch.Size([400, 880, 1, 1]): 
Initialized by user-defined `init_weights` in Topformer  

backbone.trans.transformer_blocks.1.mlp.fc2.bn.weight - torch.Size([400]): 
The value is the same before and after calling `init_weights` of EncoderDecoder  

backbone.trans.transformer_blocks.1.mlp.fc2.bn.bias - torch.Size([400]): 
The value is the same before and after calling `init_weights` of EncoderDecoder  

backbone.trans.transformer_blocks.2.attn.to_q.c.weight - torch.Size([128, 400, 1, 1]): 
Initialized by user-defined `init_weights` in Topformer  

backbone.trans.transformer_blocks.2.attn.to_q.bn.weight - torch.Size([128]): 
The value is the same before and after calling `init_weights` of EncoderDecoder  

backbone.trans.transformer_blocks.2.attn.to_q.bn.bias - torch.Size([128]): 
The value is the same before and after calling `init_weights` of EncoderDecoder  

backbone.trans.transformer_blocks.2.attn.to_k.c.weight - torch.Size([128, 400, 1, 1]): 
Initialized by user-defined `init_weights` in Topformer  

backbone.trans.transformer_blocks.2.attn.to_k.bn.weight - torch.Size([128]): 
The value is the same before and after calling `init_weights` of EncoderDecoder  

backbone.trans.transformer_blocks.2.attn.to_k.bn.bias - torch.Size([128]): 
The value is the same before and after calling `init_weights` of EncoderDecoder  

backbone.trans.transformer_blocks.2.attn.to_v.c.weight - torch.Size([280, 400, 1, 1]): 
Initialized by user-defined `init_weights` in Topformer  

backbone.trans.transformer_blocks.2.attn.to_v.bn.weight - torch.Size([280]): 
The value is the same before and after calling `init_weights` of EncoderDecoder  

backbone.trans.transformer_blocks.2.attn.to_v.bn.bias - torch.Size([280]): 
The value is the same before and after calling `init_weights` of EncoderDecoder  

backbone.trans.transformer_blocks.2.attn.proj.1.c.weight - torch.Size([400, 280, 1, 1]): 
Initialized by user-defined `init_weights` in Topformer  

backbone.trans.transformer_blocks.2.attn.proj.1.bn.weight - torch.Size([400]): 
The value is the same before and after calling `init_weights` of EncoderDecoder  

backbone.trans.transformer_blocks.2.attn.proj.1.bn.bias - torch.Size([400]): 
The value is the same before and after calling `init_weights` of EncoderDecoder  

backbone.trans.transformer_blocks.2.mlp.fc1.c.weight - torch.Size([880, 400, 1, 1]): 
Initialized by user-defined `init_weights` in Topformer  

backbone.trans.transformer_blocks.2.mlp.fc1.bn.weight - torch.Size([880]): 
The value is the same before and after calling `init_weights` of EncoderDecoder  

backbone.trans.transformer_blocks.2.mlp.fc1.bn.bias - torch.Size([880]): 
The value is the same before and after calling `init_weights` of EncoderDecoder  

backbone.trans.transformer_blocks.2.mlp.dwconv.weight - torch.Size([880, 1, 3, 3]): 
Initialized by user-defined `init_weights` in Topformer  

backbone.trans.transformer_blocks.2.mlp.dwconv.bias - torch.Size([880]): 
Initialized by user-defined `init_weights` in Topformer  

backbone.trans.transformer_blocks.2.mlp.fc2.c.weight - torch.Size([400, 880, 1, 1]): 
Initialized by user-defined `init_weights` in Topformer  

backbone.trans.transformer_blocks.2.mlp.fc2.bn.weight - torch.Size([400]): 
The value is the same before and after calling `init_weights` of EncoderDecoder  

backbone.trans.transformer_blocks.2.mlp.fc2.bn.bias - torch.Size([400]): 
The value is the same before and after calling `init_weights` of EncoderDecoder  

backbone.trans.transformer_blocks.3.attn.to_q.c.weight - torch.Size([192, 400, 1, 1]): 
Initialized by user-defined `init_weights` in Topformer  

backbone.trans.transformer_blocks.3.attn.to_q.bn.weight - torch.Size([192]): 
The value is the same before and after calling `init_weights` of EncoderDecoder  

backbone.trans.transformer_blocks.3.attn.to_q.bn.bias - torch.Size([192]): 
The value is the same before and after calling `init_weights` of EncoderDecoder  

backbone.trans.transformer_blocks.3.attn.to_k.c.weight - torch.Size([192, 400, 1, 1]): 
Initialized by user-defined `init_weights` in Topformer  

backbone.trans.transformer_blocks.3.attn.to_k.bn.weight - torch.Size([192]): 
The value is the same before and after calling `init_weights` of EncoderDecoder  

backbone.trans.transformer_blocks.3.attn.to_k.bn.bias - torch.Size([192]): 
The value is the same before and after calling `init_weights` of EncoderDecoder  

backbone.trans.transformer_blocks.3.attn.to_v.c.weight - torch.Size([336, 400, 1, 1]): 
Initialized by user-defined `init_weights` in Topformer  

backbone.trans.transformer_blocks.3.attn.to_v.bn.weight - torch.Size([336]): 
The value is the same before and after calling `init_weights` of EncoderDecoder  

backbone.trans.transformer_blocks.3.attn.to_v.bn.bias - torch.Size([336]): 
The value is the same before and after calling `init_weights` of EncoderDecoder  

backbone.trans.transformer_blocks.3.attn.proj.1.c.weight - torch.Size([400, 336, 1, 1]): 
Initialized by user-defined `init_weights` in Topformer  

backbone.trans.transformer_blocks.3.attn.proj.1.bn.weight - torch.Size([400]): 
The value is the same before and after calling `init_weights` of EncoderDecoder  

backbone.trans.transformer_blocks.3.attn.proj.1.bn.bias - torch.Size([400]): 
The value is the same before and after calling `init_weights` of EncoderDecoder  

backbone.trans.transformer_blocks.3.mlp.fc1.c.weight - torch.Size([640, 400, 1, 1]): 
Initialized by user-defined `init_weights` in Topformer  

backbone.trans.transformer_blocks.3.mlp.fc1.bn.weight - torch.Size([640]): 
The value is the same before and after calling `init_weights` of EncoderDecoder  

backbone.trans.transformer_blocks.3.mlp.fc1.bn.bias - torch.Size([640]): 
The value is the same before and after calling `init_weights` of EncoderDecoder  

backbone.trans.transformer_blocks.3.mlp.dwconv.weight - torch.Size([640, 1, 3, 3]): 
Initialized by user-defined `init_weights` in Topformer  

backbone.trans.transformer_blocks.3.mlp.dwconv.bias - torch.Size([640]): 
Initialized by user-defined `init_weights` in Topformer  

backbone.trans.transformer_blocks.3.mlp.fc2.c.weight - torch.Size([400, 640, 1, 1]): 
Initialized by user-defined `init_weights` in Topformer  

backbone.trans.transformer_blocks.3.mlp.fc2.bn.weight - torch.Size([400]): 
The value is the same before and after calling `init_weights` of EncoderDecoder  

backbone.trans.transformer_blocks.3.mlp.fc2.bn.bias - torch.Size([400]): 
The value is the same before and after calling `init_weights` of EncoderDecoder  

backbone.trans.transformer_blocks.4.attn.to_q.c.weight - torch.Size([192, 400, 1, 1]): 
Initialized by user-defined `init_weights` in Topformer  

backbone.trans.transformer_blocks.4.attn.to_q.bn.weight - torch.Size([192]): 
The value is the same before and after calling `init_weights` of EncoderDecoder  

backbone.trans.transformer_blocks.4.attn.to_q.bn.bias - torch.Size([192]): 
The value is the same before and after calling `init_weights` of EncoderDecoder  

backbone.trans.transformer_blocks.4.attn.to_k.c.weight - torch.Size([192, 400, 1, 1]): 
Initialized by user-defined `init_weights` in Topformer  

backbone.trans.transformer_blocks.4.attn.to_k.bn.weight - torch.Size([192]): 
The value is the same before and after calling `init_weights` of EncoderDecoder  

backbone.trans.transformer_blocks.4.attn.to_k.bn.bias - torch.Size([192]): 
The value is the same before and after calling `init_weights` of EncoderDecoder  

backbone.trans.transformer_blocks.4.attn.to_v.c.weight - torch.Size([336, 400, 1, 1]): 
Initialized by user-defined `init_weights` in Topformer  

backbone.trans.transformer_blocks.4.attn.to_v.bn.weight - torch.Size([336]): 
The value is the same before and after calling `init_weights` of EncoderDecoder  

backbone.trans.transformer_blocks.4.attn.to_v.bn.bias - torch.Size([336]): 
The value is the same before and after calling `init_weights` of EncoderDecoder  

backbone.trans.transformer_blocks.4.attn.proj.1.c.weight - torch.Size([400, 336, 1, 1]): 
Initialized by user-defined `init_weights` in Topformer  

backbone.trans.transformer_blocks.4.attn.proj.1.bn.weight - torch.Size([400]): 
The value is the same before and after calling `init_weights` of EncoderDecoder  

backbone.trans.transformer_blocks.4.attn.proj.1.bn.bias - torch.Size([400]): 
The value is the same before and after calling `init_weights` of EncoderDecoder  

backbone.trans.transformer_blocks.4.mlp.fc1.c.weight - torch.Size([640, 400, 1, 1]): 
Initialized by user-defined `init_weights` in Topformer  

backbone.trans.transformer_blocks.4.mlp.fc1.bn.weight - torch.Size([640]): 
The value is the same before and after calling `init_weights` of EncoderDecoder  

backbone.trans.transformer_blocks.4.mlp.fc1.bn.bias - torch.Size([640]): 
The value is the same before and after calling `init_weights` of EncoderDecoder  

backbone.trans.transformer_blocks.4.mlp.dwconv.weight - torch.Size([640, 1, 3, 3]): 
Initialized by user-defined `init_weights` in Topformer  

backbone.trans.transformer_blocks.4.mlp.dwconv.bias - torch.Size([640]): 
Initialized by user-defined `init_weights` in Topformer  

backbone.trans.transformer_blocks.4.mlp.fc2.c.weight - torch.Size([400, 640, 1, 1]): 
Initialized by user-defined `init_weights` in Topformer  

backbone.trans.transformer_blocks.4.mlp.fc2.bn.weight - torch.Size([400]): 
The value is the same before and after calling `init_weights` of EncoderDecoder  

backbone.trans.transformer_blocks.4.mlp.fc2.bn.bias - torch.Size([400]): 
The value is the same before and after calling `init_weights` of EncoderDecoder  

backbone.trans.transformer_blocks.5.attn.to_q.c.weight - torch.Size([64, 400, 1, 1]): 
Initialized by user-defined `init_weights` in Topformer  

backbone.trans.transformer_blocks.5.attn.to_q.bn.weight - torch.Size([64]): 
The value is the same before and after calling `init_weights` of EncoderDecoder  

backbone.trans.transformer_blocks.5.attn.to_q.bn.bias - torch.Size([64]): 
The value is the same before and after calling `init_weights` of EncoderDecoder  

backbone.trans.transformer_blocks.5.attn.to_k.c.weight - torch.Size([64, 400, 1, 1]): 
Initialized by user-defined `init_weights` in Topformer  

backbone.trans.transformer_blocks.5.attn.to_k.bn.weight - torch.Size([64]): 
The value is the same before and after calling `init_weights` of EncoderDecoder  

backbone.trans.transformer_blocks.5.attn.to_k.bn.bias - torch.Size([64]): 
The value is the same before and after calling `init_weights` of EncoderDecoder  

backbone.trans.transformer_blocks.5.attn.to_v.c.weight - torch.Size([128, 400, 1, 1]): 
Initialized by user-defined `init_weights` in Topformer  

backbone.trans.transformer_blocks.5.attn.to_v.bn.weight - torch.Size([128]): 
The value is the same before and after calling `init_weights` of EncoderDecoder  

backbone.trans.transformer_blocks.5.attn.to_v.bn.bias - torch.Size([128]): 
The value is the same before and after calling `init_weights` of EncoderDecoder  

backbone.trans.transformer_blocks.5.attn.proj.1.c.weight - torch.Size([400, 128, 1, 1]): 
Initialized by user-defined `init_weights` in Topformer  

backbone.trans.transformer_blocks.5.attn.proj.1.bn.weight - torch.Size([400]): 
The value is the same before and after calling `init_weights` of EncoderDecoder  

backbone.trans.transformer_blocks.5.attn.proj.1.bn.bias - torch.Size([400]): 
The value is the same before and after calling `init_weights` of EncoderDecoder  

backbone.trans.transformer_blocks.5.mlp.fc1.c.weight - torch.Size([800, 400, 1, 1]): 
Initialized by user-defined `init_weights` in Topformer  

backbone.trans.transformer_blocks.5.mlp.fc1.bn.weight - torch.Size([800]): 
The value is the same before and after calling `init_weights` of EncoderDecoder  

backbone.trans.transformer_blocks.5.mlp.fc1.bn.bias - torch.Size([800]): 
The value is the same before and after calling `init_weights` of EncoderDecoder  

backbone.trans.transformer_blocks.5.mlp.dwconv.weight - torch.Size([800, 1, 3, 3]): 
Initialized by user-defined `init_weights` in Topformer  

backbone.trans.transformer_blocks.5.mlp.dwconv.bias - torch.Size([800]): 
Initialized by user-defined `init_weights` in Topformer  

backbone.trans.transformer_blocks.5.mlp.fc2.c.weight - torch.Size([400, 800, 1, 1]): 
Initialized by user-defined `init_weights` in Topformer  

backbone.trans.transformer_blocks.5.mlp.fc2.bn.weight - torch.Size([400]): 
The value is the same before and after calling `init_weights` of EncoderDecoder  

backbone.trans.transformer_blocks.5.mlp.fc2.bn.bias - torch.Size([400]): 
The value is the same before and after calling `init_weights` of EncoderDecoder  

backbone.trans.transformer_blocks.6.attn.to_q.c.weight - torch.Size([64, 400, 1, 1]): 
Initialized by user-defined `init_weights` in Topformer  

backbone.trans.transformer_blocks.6.attn.to_q.bn.weight - torch.Size([64]): 
The value is the same before and after calling `init_weights` of EncoderDecoder  

backbone.trans.transformer_blocks.6.attn.to_q.bn.bias - torch.Size([64]): 
The value is the same before and after calling `init_weights` of EncoderDecoder  

backbone.trans.transformer_blocks.6.attn.to_k.c.weight - torch.Size([64, 400, 1, 1]): 
Initialized by user-defined `init_weights` in Topformer  

backbone.trans.transformer_blocks.6.attn.to_k.bn.weight - torch.Size([64]): 
The value is the same before and after calling `init_weights` of EncoderDecoder  

backbone.trans.transformer_blocks.6.attn.to_k.bn.bias - torch.Size([64]): 
The value is the same before and after calling `init_weights` of EncoderDecoder  

backbone.trans.transformer_blocks.6.attn.to_v.c.weight - torch.Size([128, 400, 1, 1]): 
Initialized by user-defined `init_weights` in Topformer  

backbone.trans.transformer_blocks.6.attn.to_v.bn.weight - torch.Size([128]): 
The value is the same before and after calling `init_weights` of EncoderDecoder  

backbone.trans.transformer_blocks.6.attn.to_v.bn.bias - torch.Size([128]): 
The value is the same before and after calling `init_weights` of EncoderDecoder  

backbone.trans.transformer_blocks.6.attn.proj.1.c.weight - torch.Size([400, 128, 1, 1]): 
Initialized by user-defined `init_weights` in Topformer  

backbone.trans.transformer_blocks.6.attn.proj.1.bn.weight - torch.Size([400]): 
The value is the same before and after calling `init_weights` of EncoderDecoder  

backbone.trans.transformer_blocks.6.attn.proj.1.bn.bias - torch.Size([400]): 
The value is the same before and after calling `init_weights` of EncoderDecoder  

backbone.trans.transformer_blocks.6.mlp.fc1.c.weight - torch.Size([800, 400, 1, 1]): 
Initialized by user-defined `init_weights` in Topformer  

backbone.trans.transformer_blocks.6.mlp.fc1.bn.weight - torch.Size([800]): 
The value is the same before and after calling `init_weights` of EncoderDecoder  

backbone.trans.transformer_blocks.6.mlp.fc1.bn.bias - torch.Size([800]): 
The value is the same before and after calling `init_weights` of EncoderDecoder  

backbone.trans.transformer_blocks.6.mlp.dwconv.weight - torch.Size([800, 1, 3, 3]): 
Initialized by user-defined `init_weights` in Topformer  

backbone.trans.transformer_blocks.6.mlp.dwconv.bias - torch.Size([800]): 
Initialized by user-defined `init_weights` in Topformer  

backbone.trans.transformer_blocks.6.mlp.fc2.c.weight - torch.Size([400, 800, 1, 1]): 
Initialized by user-defined `init_weights` in Topformer  

backbone.trans.transformer_blocks.6.mlp.fc2.bn.weight - torch.Size([400]): 
The value is the same before and after calling `init_weights` of EncoderDecoder  

backbone.trans.transformer_blocks.6.mlp.fc2.bn.bias - torch.Size([400]): 
The value is the same before and after calling `init_weights` of EncoderDecoder  

backbone.SIM.1.local_embedding.conv.weight - torch.Size([256, 72, 1, 1]): 
Initialized by user-defined `init_weights` in Topformer  

backbone.SIM.1.local_embedding.bn.weight - torch.Size([256]): 
The value is the same before and after calling `init_weights` of EncoderDecoder  

backbone.SIM.1.local_embedding.bn.bias - torch.Size([256]): 
The value is the same before and after calling `init_weights` of EncoderDecoder  

backbone.SIM.1.global_embedding.conv.weight - torch.Size([256, 72, 1, 1]): 
Initialized by user-defined `init_weights` in Topformer  

backbone.SIM.1.global_embedding.bn.weight - torch.Size([256]): 
The value is the same before and after calling `init_weights` of EncoderDecoder  

backbone.SIM.1.global_embedding.bn.bias - torch.Size([256]): 
The value is the same before and after calling `init_weights` of EncoderDecoder  

backbone.SIM.1.global_act.conv.weight - torch.Size([256, 72, 1, 1]): 
Initialized by user-defined `init_weights` in Topformer  

backbone.SIM.1.global_act.bn.weight - torch.Size([256]): 
The value is the same before and after calling `init_weights` of EncoderDecoder  

backbone.SIM.1.global_act.bn.bias - torch.Size([256]): 
The value is the same before and after calling `init_weights` of EncoderDecoder  

backbone.SIM.2.local_embedding.conv.weight - torch.Size([256, 128, 1, 1]): 
Initialized by user-defined `init_weights` in Topformer  

backbone.SIM.2.local_embedding.bn.weight - torch.Size([256]): 
The value is the same before and after calling `init_weights` of EncoderDecoder  

backbone.SIM.2.local_embedding.bn.bias - torch.Size([256]): 
The value is the same before and after calling `init_weights` of EncoderDecoder  

backbone.SIM.2.global_embedding.conv.weight - torch.Size([256, 128, 1, 1]): 
Initialized by user-defined `init_weights` in Topformer  

backbone.SIM.2.global_embedding.bn.weight - torch.Size([256]): 
The value is the same before and after calling `init_weights` of EncoderDecoder  

backbone.SIM.2.global_embedding.bn.bias - torch.Size([256]): 
The value is the same before and after calling `init_weights` of EncoderDecoder  

backbone.SIM.2.global_act.conv.weight - torch.Size([256, 128, 1, 1]): 
Initialized by user-defined `init_weights` in Topformer  

backbone.SIM.2.global_act.bn.weight - torch.Size([256]): 
The value is the same before and after calling `init_weights` of EncoderDecoder  

backbone.SIM.2.global_act.bn.bias - torch.Size([256]): 
The value is the same before and after calling `init_weights` of EncoderDecoder  

backbone.SIM.3.local_embedding.conv.weight - torch.Size([256, 176, 1, 1]): 
Initialized by user-defined `init_weights` in Topformer  

backbone.SIM.3.local_embedding.bn.weight - torch.Size([256]): 
The value is the same before and after calling `init_weights` of EncoderDecoder  

backbone.SIM.3.local_embedding.bn.bias - torch.Size([256]): 
The value is the same before and after calling `init_weights` of EncoderDecoder  

backbone.SIM.3.global_embedding.conv.weight - torch.Size([256, 176, 1, 1]): 
Initialized by user-defined `init_weights` in Topformer  

backbone.SIM.3.global_embedding.bn.weight - torch.Size([256]): 
The value is the same before and after calling `init_weights` of EncoderDecoder  

backbone.SIM.3.global_embedding.bn.bias - torch.Size([256]): 
The value is the same before and after calling `init_weights` of EncoderDecoder  

backbone.SIM.3.global_act.conv.weight - torch.Size([256, 176, 1, 1]): 
Initialized by user-defined `init_weights` in Topformer  

backbone.SIM.3.global_act.bn.weight - torch.Size([256]): 
The value is the same before and after calling `init_weights` of EncoderDecoder  

backbone.SIM.3.global_act.bn.bias - torch.Size([256]): 
The value is the same before and after calling `init_weights` of EncoderDecoder  

decode_head.conv_seg.weight - torch.Size([150, 256, 1, 1]): 
NormalInit: mean=0, std=0.01, bias=0 

decode_head.conv_seg.bias - torch.Size([150]): 
NormalInit: mean=0, std=0.01, bias=0 

decode_head.linear_fuse.conv.weight - torch.Size([256, 256, 1, 1]): 
Initialized by user-defined `init_weights` in ConvModule  

decode_head.linear_fuse.bn.weight - torch.Size([256]): 
The value is the same before and after calling `init_weights` of EncoderDecoder  

decode_head.linear_fuse.bn.bias - torch.Size([256]): 
The value is the same before and after calling `init_weights` of EncoderDecoder  
