2022-10-31 21:04:09,411 - mmseg - INFO - Environment info:
------------------------------------------------------------
sys.platform: linux
Python: 3.7.13 (default, Oct 18 2022, 18:57:03) [GCC 11.2.0]
CUDA available: True
GPU 0: Tesla V100-SXM3-32GB
CUDA_HOME: None
GCC: gcc (Ubuntu 7.5.0-3ubuntu1~18.04) 7.5.0
PyTorch: 1.10.0
PyTorch compiling details: PyTorch built with:
  - GCC 7.3
  - C++ Version: 201402
  - Intel(R) oneAPI Math Kernel Library Version 2021.4-Product Build 20210904 for Intel(R) 64 architecture applications
  - Intel(R) MKL-DNN v2.2.3 (Git Hash 7336ca9f055cf1bfa13efb658fe15dc9b41f0740)
  - OpenMP 201511 (a.k.a. OpenMP 4.5)
  - LAPACK is enabled (usually provided by MKL)
  - NNPACK is enabled
  - CPU capability usage: AVX512
  - CUDA Runtime 11.3
  - NVCC architecture flags: -gencode;arch=compute_37,code=sm_37;-gencode;arch=compute_50,code=sm_50;-gencode;arch=compute_60,code=sm_60;-gencode;arch=compute_61,code=sm_61;-gencode;arch=compute_70,code=sm_70;-gencode;arch=compute_75,code=sm_75;-gencode;arch=compute_80,code=sm_80;-gencode;arch=compute_86,code=sm_86;-gencode;arch=compute_37,code=compute_37
  - CuDNN 8.2
  - Magma 2.5.2
  - Build settings: BLAS_INFO=mkl, BUILD_TYPE=Release, CUDA_VERSION=11.3, CUDNN_VERSION=8.2.0, CXX_COMPILER=/opt/rh/devtoolset-7/root/usr/bin/c++, CXX_FLAGS= -Wno-deprecated -fvisibility-inlines-hidden -DUSE_PTHREADPOOL -fopenmp -DNDEBUG -DUSE_KINETO -DUSE_FBGEMM -DUSE_QNNPACK -DUSE_PYTORCH_QNNPACK -DUSE_XNNPACK -DSYMBOLICATE_MOBILE_DEBUG_HANDLE -DEDGE_PROFILER_USE_KINETO -O2 -fPIC -Wno-narrowing -Wall -Wextra -Werror=return-type -Wno-missing-field-initializers -Wno-type-limits -Wno-array-bounds -Wno-unknown-pragmas -Wno-sign-compare -Wno-unused-parameter -Wno-unused-variable -Wno-unused-function -Wno-unused-result -Wno-unused-local-typedefs -Wno-strict-overflow -Wno-strict-aliasing -Wno-error=deprecated-declarations -Wno-stringop-overflow -Wno-psabi -Wno-error=pedantic -Wno-error=redundant-decls -Wno-error=old-style-cast -fdiagnostics-color=always -faligned-new -Wno-unused-but-set-variable -Wno-maybe-uninitialized -fno-math-errno -fno-trapping-math -Werror=format -Wno-stringop-overflow, LAPACK_INFO=mkl, PERF_WITH_AVX=1, PERF_WITH_AVX2=1, PERF_WITH_AVX512=1, TORCH_VERSION=1.10.0, USE_CUDA=ON, USE_CUDNN=ON, USE_EXCEPTION_PTR=1, USE_GFLAGS=OFF, USE_GLOG=OFF, USE_MKL=ON, USE_MKLDNN=ON, USE_MPI=OFF, USE_NCCL=ON, USE_NNPACK=ON, USE_OPENMP=ON, 

TorchVision: 0.11.0
OpenCV: 4.6.0
MMCV: 1.4.0
MMCV Compiler: GCC 7.3
MMCV CUDA Compiler: 11.3
MMSegmentation: 0.19.0+cc0f436
------------------------------------------------------------

2022-10-31 21:04:09,413 - mmseg - INFO - Distributed training: False
2022-10-31 21:04:17,599 - mmseg - INFO - Config:
norm_cfg = dict(type='SyncBN', requires_grad=True)
model_cfgs = dict(
    cfg=[[3, 1, 16, 1], [3, 4, 32, 2], [3, 3, 32, 1], [5, 3, 64, 2],
         [5, 3, 64, 1], [3, 3, 128, 2], [3, 3, 128, 1], [5, 6, 160, 2],
         [5, 6, 160, 1], [3, 6, 160, 1]],
    channels=[32, 64, 128, 160],
    out_channels=[None, 256, 256, 256],
    embed_out_indice=[2, 4, 6, 9],
    decode_out_indices=[1, 2, 3],
    c2t_stride=2,
    key_dim=[16, 16, 16, 16],
    num_heads=[8, 8, 8, 8],
    attn_ratios=[2.0, 2.0, 2.0, 2.0],
    mlp_ratios=[2.0, 2.0, 2.0, 2.0])
model = dict(
    type='EncoderDecoder',
    backbone=dict(
        type='Topformer',
        cfgs=[[3, 1, 16, 1], [3, 4, 32, 2], [3, 3, 32, 1], [5, 3, 64, 2],
              [5, 3, 64, 1], [3, 3, 128, 2], [3, 3, 128, 1], [5, 6, 160, 2],
              [5, 6, 160, 1], [3, 6, 160, 1]],
        channels=[32, 64, 128, 160],
        out_channels=[None, 256, 256, 256],
        embed_out_indice=[2, 4, 6, 9],
        decode_out_indices=[1, 2, 3],
        key_dim=[16, 16, 16, 16],
        attn_ratios=[2.0, 2.0, 2.0, 2.0],
        mlp_ratios=[2.0, 2.0, 2.0, 2.0],
        depths=[1, 1, 1, 1],
        num_heads=[8, 8, 8, 8],
        c2t_stride=2,
        drop_path_rate=0.1,
        norm_cfg=dict(type='SyncBN', requires_grad=True),
        init_cfg=dict(
            type='Pretrained',
            checkpoint='modelzoos/classification/topformer-B-224-75.3.pth')),
    decode_head=dict(
        type='SimpleHead',
        in_channels=[256, 256, 256],
        in_index=[0, 1, 2],
        channels=256,
        dropout_ratio=0.1,
        num_classes=150,
        norm_cfg=dict(type='SyncBN', requires_grad=True),
        align_corners=False,
        loss_decode=dict(
            type='CrossEntropyLoss', use_sigmoid=False, loss_weight=1.0)),
    train_cfg=dict(),
    test_cfg=dict(mode='whole'))
work_dir = 'debug'
gpu_ids = range(0, 1)

2022-10-31 21:04:17,600 - mmseg - INFO - Set random seed to 86722821, deterministic: False
